===============================2022-01-2617:49:24.336745=========================================================
===============================2022-01-2617:50:11.615338=========================================================
===============================2022-01-2617:50:30.387609=========================================================
===============================2022-01-2617:50:57.587507=========================================================
===============================2022-01-2617:51:26.412984=========================================================
===============================2022-01-2617:51:42.706270=========================================================
Сбита нумерация опытов, начиная с 1Сбита нумерация опытов, начиная с 1===============================2022-01-2617:53:57.277062=========================================================
Сбита нумерация опытов, начиная с 11
Сбита нумерация опытов, начиная с 11
===============================2022-01-2617:57:12.229194=========================================================
===============================2022-01-2618:11:51.975931=========================================================
===============================2022-01-2618:15:04.705860=========================================================
===============================2022-01-2618:15:15.052295=========================================================
===============================2022-01-2618:15:32.406121=========================================================
===============================2022-01-2618:16:37.113349=========================================================
===============================2022-01-2618:17:19.389794=========================================================
===============================2022-01-2618:17:32.171915=========================================================
===============================2022-01-2618:17:54.454394=========================================================
===============================2022-01-2618:18:02.893896=========================================================
===============================2022-01-2618:18:17.372785=========================================================
===============================2022-01-2618:18:39.177048=========================================================
===============================2022-01-2618:19:25.877933=========================================================
Ошибка в копировании файла Number start = 36 Test = 3.2.1.3.3 Time = 01_26_2022 12_40_0===============================2022-01-2618:22:17.627037=========================================================
Ошибка в копировании файла Number start = 36 Test = 3.2.1.3.3 Time = 01_26_2022 12_40_0===============================2022-01-2619:18:06.276962=========================================================
Нет осциллогаммы терминала на  ПСА для опыта 3.2.1.1.1 c пуском №41. Имя файла осциллограммы RTDS: Number start = 41 Test = 3.2.1.1.1 Time = 01_26_2022 19_16_12.079
===============================2022-01-2619:24:21.933139=========================================================
Нет осциллогаммы терминала на  ПСА для опыта 3.2.1.1.1 c пуском №41. Имя файла осциллограммы RTDS: Number start = 41 Test = 3.2.1.1.1 Time = 01_26_2022 19_16_12.079
